2024-03-14 11:28:55,372 INFO [config.logging_config] [test01_login.py(test_001_login_success:28)] - case001的输入的登录信息为：]
2024-03-14 11:28:55,462 INFO [config.logging_config] [test01_login.py(test_001_login_success:28)] - case001的输入的登录信息为：}
2024-03-14 11:28:55,503 INFO [config.logging_config] [test01_login.py(test_001_login_success:28)] - case001的输入的登录信息为："
2024-03-14 11:28:55,529 INFO [config.logging_config] [test01_login.py(test_001_login_success:28)] - case001的输入的登录信息为：4
2024-03-14 11:28:55,746 INFO [config.logging_config] [test01_login.py(test_001_login_success:28)] - case001的输入的登录信息为：3
2024-03-14 11:28:56,052 INFO [config.logging_config] [test01_login.py(test_001_login_success:28)] - case001的输入的登录信息为：2
2024-03-14 11:28:56,240 INFO [config.logging_config] [test01_login.py(test_001_login_success:28)] - case001的输入的登录信息为：1
2024-03-14 11:28:56,582 INFO [config.logging_config] [test01_login.py(test_001_login_success:28)] - case001的输入的登录信息为：t
2024-03-14 11:28:56,623 INFO [config.logging_config] [test01_login.py(test_001_login_success:28)] - case001的输入的登录信息为：s
2024-03-14 11:28:56,648 INFO [config.logging_config] [test01_login.py(test_001_login_success:28)] - case001的输入的登录信息为：e
2024-03-14 11:28:56,695 INFO [config.logging_config] [test01_login.py(test_001_login_success:28)] - case001的输入的登录信息为：t
2024-03-14 11:28:56,731 INFO [config.logging_config] [test01_login.py(test_001_login_success:28)] - case001的输入的登录信息为："
2024-03-14 11:28:56,762 INFO [config.logging_config] [test01_login.py(test_001_login_success:28)] - case001的输入的登录信息为： 
2024-03-14 11:28:56,787 INFO [config.logging_config] [test01_login.py(test_001_login_success:28)] - case001的输入的登录信息为：:
2024-03-14 11:28:56,839 INFO [config.logging_config] [test01_login.py(test_001_login_success:28)] - case001的输入的登录信息为："
2024-03-14 11:28:56,890 INFO [config.logging_config] [test01_login.py(test_001_login_success:28)] - case001的输入的登录信息为：d
2024-03-14 11:28:56,920 INFO [config.logging_config] [test01_login.py(test_001_login_success:28)] - case001的输入的登录信息为：w
2024-03-14 11:28:56,960 INFO [config.logging_config] [test01_login.py(test_001_login_success:28)] - case001的输入的登录信息为：p
2024-03-14 11:28:56,990 INFO [config.logging_config] [test01_login.py(test_001_login_success:28)] - case001的输入的登录信息为：u
2024-03-14 11:28:57,016 INFO [config.logging_config] [test01_login.py(test_001_login_success:28)] - case001的输入的登录信息为："
2024-03-14 11:28:57,041 INFO [config.logging_config] [test01_login.py(test_001_login_success:28)] - case001的输入的登录信息为： 
2024-03-14 11:28:57,073 INFO [config.logging_config] [test01_login.py(test_001_login_success:28)] - case001的输入的登录信息为：,
2024-03-14 11:28:57,102 INFO [config.logging_config] [test01_login.py(test_001_login_success:28)] - case001的输入的登录信息为："
2024-03-14 11:28:57,132 INFO [config.logging_config] [test01_login.py(test_001_login_success:28)] - case001的输入的登录信息为：4
2024-03-14 11:28:57,308 INFO [config.logging_config] [test01_login.py(test_001_login_success:28)] - case001的输入的登录信息为：3
2024-03-14 11:28:57,682 INFO [config.logging_config] [test01_login.py(test_001_login_success:28)] - case001的输入的登录信息为：2
2024-03-14 11:28:57,827 INFO [config.logging_config] [test01_login.py(test_001_login_success:28)] - case001的输入的登录信息为：1
2024-03-14 11:28:58,030 INFO [config.logging_config] [test01_login.py(test_001_login_success:28)] - case001的输入的登录信息为：t
2024-03-14 11:28:58,053 INFO [config.logging_config] [test01_login.py(test_001_login_success:28)] - case001的输入的登录信息为：s
2024-03-14 11:28:58,081 INFO [config.logging_config] [test01_login.py(test_001_login_success:28)] - case001的输入的登录信息为：e
2024-03-14 11:28:58,123 INFO [config.logging_config] [test01_login.py(test_001_login_success:28)] - case001的输入的登录信息为：t
2024-03-14 11:28:58,144 INFO [config.logging_config] [test01_login.py(test_001_login_success:28)] - case001的输入的登录信息为："
2024-03-14 11:28:58,173 INFO [config.logging_config] [test01_login.py(test_001_login_success:28)] - case001的输入的登录信息为： 
2024-03-14 11:28:58,225 INFO [config.logging_config] [test01_login.py(test_001_login_success:28)] - case001的输入的登录信息为：:
2024-03-14 11:28:58,253 INFO [config.logging_config] [test01_login.py(test_001_login_success:28)] - case001的输入的登录信息为："
2024-03-14 11:28:58,287 INFO [config.logging_config] [test01_login.py(test_001_login_success:28)] - case001的输入的登录信息为：e
2024-03-14 11:28:58,330 INFO [config.logging_config] [test01_login.py(test_001_login_success:28)] - case001的输入的登录信息为：m
2024-03-14 11:28:58,364 INFO [config.logging_config] [test01_login.py(test_001_login_success:28)] - case001的输入的登录信息为：a
2024-03-14 11:28:58,391 INFO [config.logging_config] [test01_login.py(test_001_login_success:28)] - case001的输入的登录信息为：n
2024-03-14 11:28:58,418 INFO [config.logging_config] [test01_login.py(test_001_login_success:28)] - case001的输入的登录信息为：u
2024-03-14 11:28:58,445 INFO [config.logging_config] [test01_login.py(test_001_login_success:28)] - case001的输入的登录信息为："
2024-03-14 11:28:58,474 INFO [config.logging_config] [test01_login.py(test_001_login_success:28)] - case001的输入的登录信息为：{
2024-03-14 11:28:58,507 INFO [config.logging_config] [test01_login.py(test_001_login_success:28)] - case001的输入的登录信息为：[
