2024-03-14 11:01:03,091 INFO [config.logging_config] [test01_login.py(test_001_login_success:27)] - case001的输入的登录信息为：}
2024-03-14 11:01:03,173 INFO [config.logging_config] [test01_login.py(test_001_login_success:27)] - case001的输入的登录信息为："
2024-03-14 11:01:03,215 INFO [config.logging_config] [test01_login.py(test_001_login_success:27)] - case001的输入的登录信息为：4
2024-03-14 11:01:03,410 INFO [config.logging_config] [test01_login.py(test_001_login_success:27)] - case001的输入的登录信息为：3
2024-03-14 11:01:03,733 INFO [config.logging_config] [test01_login.py(test_001_login_success:27)] - case001的输入的登录信息为：2
2024-03-14 11:01:03,899 INFO [config.logging_config] [test01_login.py(test_001_login_success:27)] - case001的输入的登录信息为：1
2024-03-14 11:01:04,103 INFO [config.logging_config] [test01_login.py(test_001_login_success:27)] - case001的输入的登录信息为：t
2024-03-14 11:01:04,125 INFO [config.logging_config] [test01_login.py(test_001_login_success:27)] - case001的输入的登录信息为：s
2024-03-14 11:01:04,170 INFO [config.logging_config] [test01_login.py(test_001_login_success:27)] - case001的输入的登录信息为：e
2024-03-14 11:01:04,191 INFO [config.logging_config] [test01_login.py(test_001_login_success:27)] - case001的输入的登录信息为：t
2024-03-14 11:01:04,211 INFO [config.logging_config] [test01_login.py(test_001_login_success:27)] - case001的输入的登录信息为："
2024-03-14 11:01:04,243 INFO [config.logging_config] [test01_login.py(test_001_login_success:27)] - case001的输入的登录信息为： 
2024-03-14 11:01:04,268 INFO [config.logging_config] [test01_login.py(test_001_login_success:27)] - case001的输入的登录信息为：:
2024-03-14 11:01:04,289 INFO [config.logging_config] [test01_login.py(test_001_login_success:27)] - case001的输入的登录信息为："
2024-03-14 11:01:04,314 INFO [config.logging_config] [test01_login.py(test_001_login_success:27)] - case001的输入的登录信息为：d
2024-03-14 11:01:04,350 INFO [config.logging_config] [test01_login.py(test_001_login_success:27)] - case001的输入的登录信息为：w
2024-03-14 11:01:04,371 INFO [config.logging_config] [test01_login.py(test_001_login_success:27)] - case001的输入的登录信息为：p
2024-03-14 11:01:04,395 INFO [config.logging_config] [test01_login.py(test_001_login_success:27)] - case001的输入的登录信息为：u
2024-03-14 11:01:04,422 INFO [config.logging_config] [test01_login.py(test_001_login_success:27)] - case001的输入的登录信息为："
2024-03-14 11:01:04,470 INFO [config.logging_config] [test01_login.py(test_001_login_success:27)] - case001的输入的登录信息为： 
2024-03-14 11:01:04,499 INFO [config.logging_config] [test01_login.py(test_001_login_success:27)] - case001的输入的登录信息为：,
2024-03-14 11:01:04,537 INFO [config.logging_config] [test01_login.py(test_001_login_success:27)] - case001的输入的登录信息为："
2024-03-14 11:01:04,560 INFO [config.logging_config] [test01_login.py(test_001_login_success:27)] - case001的输入的登录信息为：4
2024-03-14 11:01:04,805 INFO [config.logging_config] [test01_login.py(test_001_login_success:27)] - case001的输入的登录信息为：3
2024-03-14 11:01:04,966 INFO [config.logging_config] [test01_login.py(test_001_login_success:27)] - case001的输入的登录信息为：2
2024-03-14 11:01:05,238 INFO [config.logging_config] [test01_login.py(test_001_login_success:27)] - case001的输入的登录信息为：1
2024-03-14 11:01:05,378 INFO [config.logging_config] [test01_login.py(test_001_login_success:27)] - case001的输入的登录信息为：t
2024-03-14 11:01:05,404 INFO [config.logging_config] [test01_login.py(test_001_login_success:27)] - case001的输入的登录信息为：s
2024-03-14 11:01:05,443 INFO [config.logging_config] [test01_login.py(test_001_login_success:27)] - case001的输入的登录信息为：e
2024-03-14 11:01:05,473 INFO [config.logging_config] [test01_login.py(test_001_login_success:27)] - case001的输入的登录信息为：t
2024-03-14 11:01:05,505 INFO [config.logging_config] [test01_login.py(test_001_login_success:27)] - case001的输入的登录信息为："
2024-03-14 11:01:05,538 INFO [config.logging_config] [test01_login.py(test_001_login_success:27)] - case001的输入的登录信息为： 
2024-03-14 11:01:05,572 INFO [config.logging_config] [test01_login.py(test_001_login_success:27)] - case001的输入的登录信息为：:
2024-03-14 11:01:05,611 INFO [config.logging_config] [test01_login.py(test_001_login_success:27)] - case001的输入的登录信息为："
2024-03-14 11:01:05,639 INFO [config.logging_config] [test01_login.py(test_001_login_success:27)] - case001的输入的登录信息为：e
2024-03-14 11:01:05,663 INFO [config.logging_config] [test01_login.py(test_001_login_success:27)] - case001的输入的登录信息为：m
2024-03-14 11:01:05,689 INFO [config.logging_config] [test01_login.py(test_001_login_success:27)] - case001的输入的登录信息为：a
2024-03-14 11:01:05,716 INFO [config.logging_config] [test01_login.py(test_001_login_success:27)] - case001的输入的登录信息为：n
2024-03-14 11:01:05,743 INFO [config.logging_config] [test01_login.py(test_001_login_success:27)] - case001的输入的登录信息为：u
2024-03-14 11:01:05,770 INFO [config.logging_config] [test01_login.py(test_001_login_success:27)] - case001的输入的登录信息为："
2024-03-14 11:01:05,804 INFO [config.logging_config] [test01_login.py(test_001_login_success:27)] - case001的输入的登录信息为：{
