2024-03-12 09:01:16,424 INFO [root] [test01_login.py(test_001_login_success:25)] - case001的输入的登录信息为：{"uname": "test1234", "upwd": "test1234"}
2024-03-12 09:01:16,985 INFO [root] [test01_login.py(test_001_login_success:29)] - case001获取到的token信息为：21f84f0dece09de263b4251f7011ecb3
2024-03-12 09:12:02,662 INFO [root] [test01_login.py(test_001_login_success:25)] - case001的输入的登录信息为：{"uname": "test1234", "upwd": "test1234"}
2024-03-12 09:12:03,674 INFO [root] [test01_login.py(test_001_login_success:29)] - case001获取到的token信息为：f8eaa151c405ab94ea3eaf7d2a3b1f0f
2024-03-12 09:31:22,500 INFO [root] [test01_login.py(test_001_login_success:25)] - case001的输入的登录信息为：{"uname": "test1234", "upwd": "test1234"}
2024-03-12 09:31:22,970 INFO [root] [test01_login.py(test_001_login_success:29)] - case001获取到的token信息为：cf76c7fe588eb4fe49594dbe83b42462
2024-03-12 09:34:40,734 INFO [root] [test01_login.py(test_001_login_success:25)] - case001的输入的登录信息为：{"uname": "test1234", "upwd": "test1234"}
2024-03-12 09:34:41,122 INFO [root] [test01_login.py(test_001_login_success:29)] - case001获取到的token信息为：408758080310d625a7da37cfb1a85cd6
2024-03-12 09:35:23,859 INFO [root] [test01_login.py(test_001_login_success:25)] - case001的输入的登录信息为：{"uname": "test1234", "upwd": "test1234"}
2024-03-12 09:35:24,330 INFO [root] [test01_login.py(test_001_login_success:29)] - case001获取到的token信息为：27a0c3cde02d2482509ab92e2bbd409d
2024-03-12 09:55:03,805 INFO [root] [test01_login.py(test_001_login_success:26)] - case001的输入的登录信息为：{"uname": "test1234", "upwd": "test1234"}
2024-03-12 09:55:04,466 INFO [root] [test01_login.py(test_001_login_success:30)] - case001获取到的token信息为：e7dccb942f44c25fae6cd570c852c054
2024-03-12 09:55:18,990 INFO [root] [test02_login_out.py(test_001_login_out_success:25)] - case001的输入的退出token信息为：
2024-03-12 09:56:18,768 INFO [root] [test02_login_out.py(test_001_login_out_success:26)] - case001的输入的退出token信息为：
2024-03-12 10:00:34,097 INFO [root] [test01_login.py(test_001_login_success:26)] - case001的输入的登录信息为：{"uname": "test1234", "upwd": "test1234"}
2024-03-12 10:00:34,772 INFO [root] [test01_login.py(test_001_login_success:30)] - case001获取到的token信息为：d7d96ce7ca3c6b436f8f3c646e47aef0
2024-03-12 10:03:09,476 INFO [root] [test01_login.py(test_001_login_success:26)] - case001的输入的登录信息为：{"uname": "test1234", "upwd": "test1234"}
2024-03-12 10:03:09,963 INFO [root] [test01_login.py(test_001_login_success:30)] - case001获取到的token信息为：442ee5451cb781ca438302f956107dfd
2024-03-12 10:03:16,684 INFO [root] [test02_login_out.py(test_001_login_out_success:26)] - case001的输入的退出token信息为：
2024-03-12 10:04:04,861 INFO [root] [test02_login_out.py(test_001_login_out_success:26)] - case001的输入的退出token信息为：
2024-03-12 10:05:01,761 INFO [root] [test01_login.py(test_001_login_success:26)] - case001的输入的登录信息为：{"uname": "test1234", "upwd": "test1234"}
2024-03-12 10:05:02,161 INFO [root] [test01_login.py(test_001_login_success:30)] - case001获取到的token信息为：bd4ca46b11bc2b7dec53ed5580e7bb0f
2024-03-12 10:06:21,028 INFO [root] [test01_login.py(test_001_login_success:26)] - case001的输入的登录信息为：{"uname": "test1234", "upwd": "test1234"}
2024-03-12 10:06:21,853 INFO [root] [test01_login.py(test_001_login_success:30)] - case001获取到的token信息为：bcc69ccd57e01e47e6123c942196cb7e
2024-03-12 10:06:30,697 INFO [root] [test02_login_out.py(test_001_login_out_success:26)] - case001的输入的退出token信息为：token值为空
2024-03-12 10:13:17,329 INFO [root] [test02_login_out.py(test_001_login_out_success:25)] - case001的输入的退出token信息为：token值为空
2024-03-12 10:18:22,359 INFO [root] [test01_login.py(test_001_login_success:27)] - case001的输入的登录信息为：{"uname": "test1234", "upwd": "test1234"}
2024-03-12 10:18:23,070 INFO [root] [test01_login.py(test_001_login_success:31)] - case001获取到的token信息为：bca1d64762444b0e16ce96566599d816
2024-03-12 10:18:31,639 INFO [root] [test02_login_out.py(test_001_login_out_success:26)] - case001的输入的退出token信息为：未设置token值
2024-03-12 10:19:52,858 INFO [root] [test02_login_out.py(test_001_login_out_success:26)] - case001的输入的退出token信息为：未设置token值
2024-03-12 10:20:06,696 INFO [root] [test01_login.py(test_001_login_success:27)] - case001的输入的登录信息为：{"uname": "test1234", "upwd": "test1234"}
2024-03-12 10:20:07,142 INFO [root] [test01_login.py(test_001_login_success:31)] - case001获取到的token信息为：e8bdb22f963462e483a26fa46a7afed9
2024-03-12 10:20:31,560 INFO [root] [test02_login_out.py(test_001_login_out_success:26)] - case001的输入的退出token信息为：未设置token值
2024-03-12 10:53:14,519 INFO [root] [test02_login_out.py(test_001_login_out_success:28)] - case001的输入的退出token信息为：未设置token值
2024-03-12 10:57:28,702 INFO [root] [test01_login.py(test_001_login_success:25)] - case001的输入的登录信息为：{"uname": "test1234", "upwd": "test1234"}
2024-03-12 10:57:29,219 INFO [root] [test01_login.py(test_001_login_success:30)] - case001获取到的token信息为：9a590148b58759140605e0030f83adc5
2024-03-12 11:20:00,100 INFO [root] [test01_login.py(test_001_login_success:26)] - case001的输入的登录信息为：{"uname": "test1234", "upwd": "test1234"}
2024-03-12 11:20:00,405 INFO [root] [test01_login.py(test_001_login_success:33)] - case001获取到的token信息为：2f8a9358da2b040fd39606c2f6df8aad
2024-03-12 11:58:55,525 INFO [root] [test01_login.py(test_001_login_success:25)] - case001的输入的登录信息为：{"uname": "test1234", "upwd": "test1234"}
2024-03-12 11:58:55,525 INFO [root] [test01_login.py(test_001_login_success:25)] - case001的输入的登录信息为：{"uname": "test1234", "upwd": "test1234"}
2024-03-12 11:58:56,271 INFO [root] [test01_login.py(test_001_login_success:30)] - case001获取到的token信息为：2e0ce0ed48d82b671ac7c52b8abd940b
2024-03-12 11:58:56,271 INFO [root] [test01_login.py(test_001_login_success:30)] - case001获取到的token信息为：2e0ce0ed48d82b671ac7c52b8abd940b
